[2016-10-26 00:02:36.999] [INFO] system - ::1 - - "GET /js/libs/angular/angular-material.min.js?v=2 HTTP/1.1" 200 361502 "http://localhost:3000/index" "Mozilla/5.0 (Macintosh; Intel Mac OS X 10_11_1) AppleWebKit/537.36 (KHTML, like Gecko) Chrome/53.0.2785.143 Safari/537.36"
[2016-10-26 00:02:37.021] [INFO] system - ::1 - - "GET /js/libs/angular/storage-cookie.js?v=2 HTTP/1.1" 200 1855 "http://localhost:3000/index" "Mozilla/5.0 (Macintosh; Intel Mac OS X 10_11_1) AppleWebKit/537.36 (KHTML, like Gecko) Chrome/53.0.2785.143 Safari/537.36"
[2016-10-26 00:02:37.021] [INFO] system - ::1 - - "GET /js/libs/angular/angular-messages.min.js?v=2 HTTP/1.1" 200 2646 "http://localhost:3000/index" "Mozilla/5.0 (Macintosh; Intel Mac OS X 10_11_1) AppleWebKit/537.36 (KHTML, like Gecko) Chrome/53.0.2785.143 Safari/537.36"
[2016-10-26 00:02:37.022] [INFO] system - ::1 - - "GET /js/libs/angular/angular-translate.js?v=2 HTTP/1.1" 200 118241 "http://localhost:3000/index" "Mozilla/5.0 (Macintosh; Intel Mac OS X 10_11_1) AppleWebKit/537.36 (KHTML, like Gecko) Chrome/53.0.2785.143 Safari/537.36"
[2016-10-26 00:02:37.028] [INFO] system - ::1 - - "GET /js/libs/angular/angular-material-icons.min.js?v=2 HTTP/1.1" 200 243405 "http://localhost:3000/index" "Mozilla/5.0 (Macintosh; Intel Mac OS X 10_11_1) AppleWebKit/537.36 (KHTML, like Gecko) Chrome/53.0.2785.143 Safari/537.36"
[2016-10-26 00:02:37.035] [INFO] system - ::1 - - "GET /js/libs/angular/ngStorage.min.js?v=2 HTTP/1.1" 200 1680 "http://localhost:3000/index" "Mozilla/5.0 (Macintosh; Intel Mac OS X 10_11_1) AppleWebKit/537.36 (KHTML, like Gecko) Chrome/53.0.2785.143 Safari/537.36"
[2016-10-26 00:02:37.035] [INFO] system - ::1 - - "GET /js/libs/angular/loader-static-files.js?v=2 HTTP/1.1" 200 2215 "http://localhost:3000/index" "Mozilla/5.0 (Macintosh; Intel Mac OS X 10_11_1) AppleWebKit/537.36 (KHTML, like Gecko) Chrome/53.0.2785.143 Safari/537.36"
[2016-10-26 00:02:37.050] [INFO] system - ::1 - - "GET /js/libs/angular/angular-translate-storage-local.min.js?v=2 HTTP/1.1" 200 920 "http://localhost:3000/index" "Mozilla/5.0 (Macintosh; Intel Mac OS X 10_11_1) AppleWebKit/537.36 (KHTML, like Gecko) Chrome/53.0.2785.143 Safari/537.36"
[2016-10-26 00:02:37.056] [INFO] system - ::1 - - "GET /js/libs/angular/angular-images-resizer.js?v=2 HTTP/1.1" 200 4252 "http://localhost:3000/index" "Mozilla/5.0 (Macintosh; Intel Mac OS X 10_11_1) AppleWebKit/537.36 (KHTML, like Gecko) Chrome/53.0.2785.143 Safari/537.36"
[2016-10-26 00:02:37.061] [INFO] system - ::1 - - "GET /js/base.js HTTP/1.1" 200 2751 "http://localhost:3000/index" "Mozilla/5.0 (Macintosh; Intel Mac OS X 10_11_1) AppleWebKit/537.36 (KHTML, like Gecko) Chrome/53.0.2785.143 Safari/537.36"
[2016-10-26 00:02:37.061] [INFO] system - ::1 - - "GET /js/configs/base.js HTTP/1.1" 200 - "http://localhost:3000/index" "Mozilla/5.0 (Macintosh; Intel Mac OS X 10_11_1) AppleWebKit/537.36 (KHTML, like Gecko) Chrome/53.0.2785.143 Safari/537.36"
[2016-10-26 00:02:37.062] [INFO] system - ::1 - - "GET /js/libs/angular/ng-img-crop.js?v=2 HTTP/1.1" 200 207707 "http://localhost:3000/index" "Mozilla/5.0 (Macintosh; Intel Mac OS X 10_11_1) AppleWebKit/537.36 (KHTML, like Gecko) Chrome/53.0.2785.143 Safari/537.36"
[2016-10-26 00:02:37.072] [INFO] system - ::1 - - "GET /js/filters/base.js HTTP/1.1" 200 3773 "http://localhost:3000/index" "Mozilla/5.0 (Macintosh; Intel Mac OS X 10_11_1) AppleWebKit/537.36 (KHTML, like Gecko) Chrome/53.0.2785.143 Safari/537.36"
[2016-10-26 00:02:37.072] [INFO] system - ::1 - - "GET /js/models/api.js HTTP/1.1" 200 3682 "http://localhost:3000/index" "Mozilla/5.0 (Macintosh; Intel Mac OS X 10_11_1) AppleWebKit/537.36 (KHTML, like Gecko) Chrome/53.0.2785.143 Safari/537.36"
[2016-10-26 00:02:37.077] [INFO] system - ::1 - - "GET /js/services/base.js HTTP/1.1" 200 3062 "http://localhost:3000/index" "Mozilla/5.0 (Macintosh; Intel Mac OS X 10_11_1) AppleWebKit/537.36 (KHTML, like Gecko) Chrome/53.0.2785.143 Safari/537.36"
[2016-10-26 00:02:37.086] [INFO] system - ::1 - - "GET /js/services/error.js HTTP/1.1" 200 34004 "http://localhost:3000/index" "Mozilla/5.0 (Macintosh; Intel Mac OS X 10_11_1) AppleWebKit/537.36 (KHTML, like Gecko) Chrome/53.0.2785.143 Safari/537.36"
[2016-10-26 00:02:37.088] [INFO] system - ::1 - - "GET /js/services/modal.js HTTP/1.1" 200 3295 "http://localhost:3000/index" "Mozilla/5.0 (Macintosh; Intel Mac OS X 10_11_1) AppleWebKit/537.36 (KHTML, like Gecko) Chrome/53.0.2785.143 Safari/537.36"
[2016-10-26 00:02:37.092] [INFO] system - ::1 - - "GET /js/services/user.js HTTP/1.1" 200 - "http://localhost:3000/index" "Mozilla/5.0 (Macintosh; Intel Mac OS X 10_11_1) AppleWebKit/537.36 (KHTML, like Gecko) Chrome/53.0.2785.143 Safari/537.36"
[2016-10-26 00:02:37.093] [INFO] system - ::1 - - "GET /js/services/login.js HTTP/1.1" 200 5398 "http://localhost:3000/index" "Mozilla/5.0 (Macintosh; Intel Mac OS X 10_11_1) AppleWebKit/537.36 (KHTML, like Gecko) Chrome/53.0.2785.143 Safari/537.36"
[2016-10-26 00:02:37.093] [INFO] system - ::1 - - "GET /js/services/link.js HTTP/1.1" 200 1300 "http://localhost:3000/index" "Mozilla/5.0 (Macintosh; Intel Mac OS X 10_11_1) AppleWebKit/537.36 (KHTML, like Gecko) Chrome/53.0.2785.143 Safari/537.36"
[2016-10-26 00:02:37.101] [INFO] system - ::1 - - "GET /js/directives/base.js HTTP/1.1" 200 564 "http://localhost:3000/index" "Mozilla/5.0 (Macintosh; Intel Mac OS X 10_11_1) AppleWebKit/537.36 (KHTML, like Gecko) Chrome/53.0.2785.143 Safari/537.36"
[2016-10-26 00:02:37.102] [INFO] system - ::1 - - "GET /js/services/fireBase.js HTTP/1.1" 200 5931 "http://localhost:3000/index" "Mozilla/5.0 (Macintosh; Intel Mac OS X 10_11_1) AppleWebKit/537.36 (KHTML, like Gecko) Chrome/53.0.2785.143 Safari/537.36"
[2016-10-26 00:02:37.102] [INFO] system - ::1 - - "GET /js/services/loading.js HTTP/1.1" 200 1368 "http://localhost:3000/index" "Mozilla/5.0 (Macintosh; Intel Mac OS X 10_11_1) AppleWebKit/537.36 (KHTML, like Gecko) Chrome/53.0.2785.143 Safari/537.36"
[2016-10-26 00:02:37.114] [INFO] system - ::1 - - "GET /js/controllers/base.js HTTP/1.1" 200 2618 "http://localhost:3000/index" "Mozilla/5.0 (Macintosh; Intel Mac OS X 10_11_1) AppleWebKit/537.36 (KHTML, like Gecko) Chrome/53.0.2785.143 Safari/537.36"
[2016-10-26 00:02:37.117] [INFO] system - ::1 - - "GET /js/routes/index.js HTTP/1.1" 200 1679 "http://localhost:3000/index" "Mozilla/5.0 (Macintosh; Intel Mac OS X 10_11_1) AppleWebKit/537.36 (KHTML, like Gecko) Chrome/53.0.2785.143 Safari/537.36"
[2016-10-26 00:02:37.120] [INFO] system - ::1 - - "GET /js/controllers/index.js HTTP/1.1" 200 12043 "http://localhost:3000/index" "Mozilla/5.0 (Macintosh; Intel Mac OS X 10_11_1) AppleWebKit/537.36 (KHTML, like Gecko) Chrome/53.0.2785.143 Safari/537.36"
[2016-10-26 00:02:37.120] [INFO] system - ::1 - - "GET /js/controllers/friend.js HTTP/1.1" 200 3295 "http://localhost:3000/index" "Mozilla/5.0 (Macintosh; Intel Mac OS X 10_11_1) AppleWebKit/537.36 (KHTML, like Gecko) Chrome/53.0.2785.143 Safari/537.36"
[2016-10-26 00:02:37.581] [INFO] system - ::1 - - "GET /js/libs/angular/angular-lazy-img.min.js?v=2 HTTP/1.1" 200 2883 "http://localhost:3000/index" "Mozilla/5.0 (Macintosh; Intel Mac OS X 10_11_1) AppleWebKit/537.36 (KHTML, like Gecko) Chrome/53.0.2785.143 Safari/537.36"
[2016-10-26 00:02:37.597] [INFO] system - ::1 - - "GET /css/angular-range-slider.css.map HTTP/1.1" 200 5083 "" "Mozilla/5.0 (Macintosh; Intel Mac OS X 10_11_1) AppleWebKit/537.36 (KHTML, like Gecko) Chrome/53.0.2785.143 Safari/537.36"
[2016-10-26 00:02:39.593] [INFO] system - ::1 - - "GET /json/lang_ja.json HTTP/1.1" 200 5697 "http://localhost:3000/index" "Mozilla/5.0 (Macintosh; Intel Mac OS X 10_11_1) AppleWebKit/537.36 (KHTML, like Gecko) Chrome/53.0.2785.143 Safari/537.36"
[2016-10-26 00:02:39.595] [INFO] system - ::1 - - "GET /json/settings.json HTTP/1.1" 200 88 "http://localhost:3000/index" "Mozilla/5.0 (Macintosh; Intel Mac OS X 10_11_1) AppleWebKit/537.36 (KHTML, like Gecko) Chrome/53.0.2785.143 Safari/537.36"
[2016-10-26 00:02:39.625] [INFO] system - ::1 - - "GET /templates/sidenav.html HTTP/1.1" 200 1467 "http://localhost:3000/index" "Mozilla/5.0 (Macintosh; Intel Mac OS X 10_11_1) AppleWebKit/537.36 (KHTML, like Gecko) Chrome/53.0.2785.143 Safari/537.36"
[2016-10-26 00:02:39.630] [INFO] system - ::1 - - "GET /templates/index/friend.html?v=2 HTTP/1.1" 200 1662 "http://localhost:3000/index" "Mozilla/5.0 (Macintosh; Intel Mac OS X 10_11_1) AppleWebKit/537.36 (KHTML, like Gecko) Chrome/53.0.2785.143 Safari/537.36"
[2016-10-26 00:02:39.750] [INFO] system - ::1 - - "GET /js/libs/angular/angular.min.js.map HTTP/1.1" 200 5083 "" "Mozilla/5.0 (Macintosh; Intel Mac OS X 10_11_1) AppleWebKit/537.36 (KHTML, like Gecko) Chrome/53.0.2785.143 Safari/537.36"
[2016-10-26 00:02:39.755] [INFO] system - ::1 - - "GET /js/libs/angular/angular-route.min.js.map HTTP/1.1" 200 5083 "" "Mozilla/5.0 (Macintosh; Intel Mac OS X 10_11_1) AppleWebKit/537.36 (KHTML, like Gecko) Chrome/53.0.2785.143 Safari/537.36"
[2016-10-26 00:02:39.760] [INFO] system - ::1 - - "GET /js/libs/angular/angular-resource.min.js.map HTTP/1.1" 200 5083 "" "Mozilla/5.0 (Macintosh; Intel Mac OS X 10_11_1) AppleWebKit/537.36 (KHTML, like Gecko) Chrome/53.0.2785.143 Safari/537.36"
[2016-10-26 00:02:39.778] [INFO] system - ::1 - - "GET /js/libs/angular/angular-animate.min.js.map HTTP/1.1" 200 5083 "" "Mozilla/5.0 (Macintosh; Intel Mac OS X 10_11_1) AppleWebKit/537.36 (KHTML, like Gecko) Chrome/53.0.2785.143 Safari/537.36"
[2016-10-26 00:02:39.779] [INFO] system - ::1 - - "GET /js/libs/angular/angular-aria.min.js.map HTTP/1.1" 200 5083 "" "Mozilla/5.0 (Macintosh; Intel Mac OS X 10_11_1) AppleWebKit/537.36 (KHTML, like Gecko) Chrome/53.0.2785.143 Safari/537.36"
[2016-10-26 00:02:39.782] [INFO] system - ::1 - - "GET /js/libs/angular/angular-cookies.min.js.map HTTP/1.1" 200 5083 "" "Mozilla/5.0 (Macintosh; Intel Mac OS X 10_11_1) AppleWebKit/537.36 (KHTML, like Gecko) Chrome/53.0.2785.143 Safari/537.36"
[2016-10-26 00:02:39.786] [INFO] system - ::1 - - "GET /js/libs/angular/angular-messages.min.js.map HTTP/1.1" 200 5083 "" "Mozilla/5.0 (Macintosh; Intel Mac OS X 10_11_1) AppleWebKit/537.36 (KHTML, like Gecko) Chrome/53.0.2785.143 Safari/537.36"
[2016-10-26 00:02:40.042] [INFO] system - ::1 - - "GET /api/friend_requests HTTP/1.1" 200 841 "http://localhost:3000/index" "Mozilla/5.0 (Macintosh; Intel Mac OS X 10_11_1) AppleWebKit/537.36 (KHTML, like Gecko) Chrome/53.0.2785.143 Safari/537.36"
[2016-10-26 00:02:40.163] [INFO] system - ::1 - - "GET /fonts/MaterialIcons-Regular.woff2 HTTP/1.1" 200 42352 "http://localhost:3000/css/material_icon.css?v=2" "Mozilla/5.0 (Macintosh; Intel Mac OS X 10_11_1) AppleWebKit/537.36 (KHTML, like Gecko) Chrome/53.0.2785.143 Safari/537.36"
[2016-10-26 00:02:40.536] [INFO] system - ::1 - - "GET /templates/elements/friendRequest/userCard.html HTTP/1.1" 200 1921 "http://localhost:3000/index" "Mozilla/5.0 (Macintosh; Intel Mac OS X 10_11_1) AppleWebKit/537.36 (KHTML, like Gecko) Chrome/53.0.2785.143 Safari/537.36"
[2016-10-26 00:02:40.780] [INFO] system - ::1 - - "GET /images/user.png HTTP/1.1" 200 3865 "http://localhost:3000/css/main.css" "Mozilla/5.0 (Macintosh; Intel Mac OS X 10_11_1) AppleWebKit/537.36 (KHTML, like Gecko) Chrome/53.0.2785.143 Safari/537.36"
[2016-10-26 00:02:42.721] [INFO] system - ::1 - - "POST /api/token HTTP/1.1" 200 1391 "http://localhost:3000/index" "Mozilla/5.0 (Macintosh; Intel Mac OS X 10_11_1) AppleWebKit/537.36 (KHTML, like Gecko) Chrome/53.0.2785.143 Safari/537.36"
[2016-10-26 00:02:42.743] [INFO] system - ::1 - - "POST /api/current_user HTTP/1.1" 200 522 "http://localhost:3000/index" "Mozilla/5.0 (Macintosh; Intel Mac OS X 10_11_1) AppleWebKit/537.36 (KHTML, like Gecko) Chrome/53.0.2785.143 Safari/537.36"
[2016-10-26 00:02:42.744] [INFO] system - ::1 - - "GET /api/current_user HTTP/1.1" 200 522 "http://localhost:3000/index" "Mozilla/5.0 (Macintosh; Intel Mac OS X 10_11_1) AppleWebKit/537.36 (KHTML, like Gecko) Chrome/53.0.2785.143 Safari/537.36"
[2016-10-26 00:02:44.774] [INFO] system - ::1 - - "GET /favicon.ico HTTP/1.1" 200 5083 "http://localhost:3000/index" "Mozilla/5.0 (Macintosh; Intel Mac OS X 10_11_1) AppleWebKit/537.36 (KHTML, like Gecko) Chrome/53.0.2785.143 Safari/537.36"
